android/app/build/intermediates/manifest_merge_blame_file/release/manifest-merger-blame-release-report.txt
1<?xml version="1.0" encoding="utf-8"?>
2<manifest xmlns:android="http://schemas.android.com/apk/res/android"
3    package="com.yothealth"
4    android:versionCode="1"
5    android:versionName="1.0" >
6
7    <uses-sdk
8        android:minSdkVersion="16"
8-->src\main\AndroidManifest.xml
9        android:targetSdkVersion="28" />
9-->src\main\AndroidManifest.xml
10
11    <uses-permission android:name="android.permission.INTERNET" />
11-->src\main\AndroidManifest.xml:4:5-67
11-->src\main\AndroidManifest.xml:4:22-64
12    <!-- Define ACCESS_FINE_LOCATION if you will use enableHighAccuracy=true -->
13    <uses-permission android:name="android.permission.ACCESS_FINE_LOCATION" />
13-->src\main\AndroidManifest.xml:6:5-78
13-->src\main\AndroidManifest.xml:6:22-76
14    <!-- Define ACCESS_COARSE_LOCATION if you will use enableHighAccuracy=false -->
15    <uses-permission android:name="android.permission.ACCESS_COARSE_LOCATION" />
15-->src\main\AndroidManifest.xml:8:5-80
15-->src\main\AndroidManifest.xml:8:22-78
16    <uses-permission android:name="android.permission.CAMERA" />
16-->src\main\AndroidManifest.xml:10:5-65
16-->src\main\AndroidManifest.xml:10:22-62
17
18    <uses-feature android:name="android.hardware.camera" />
18-->src\main\AndroidManifest.xml:11:5-60
18-->src\main\AndroidManifest.xml:11:19-57
19    <uses-feature android:name="android.hardware.camera.autofocus" />
19-->src\main\AndroidManifest.xml:12:5-69
19-->src\main\AndroidManifest.xml:12:19-67
20
21    <uses-permission android:name="android.permission.ACCESS_NETWORK_STATE" />
21-->src\main\AndroidManifest.xml:14:5-78
21-->src\main\AndroidManifest.xml:14:22-76
22    <uses-permission android:name="android.permission.MODIFY_AUDIO_SETTINGS" />
22-->src\main\AndroidManifest.xml:15:5-80
22-->src\main\AndroidManifest.xml:15:22-77
23    <uses-permission android:name="android.permission.RECORD_AUDIO" />
23-->src\main\AndroidManifest.xml:16:5-71
23-->src\main\AndroidManifest.xml:16:22-68
24    <uses-permission android:name="android.permission.WAKE_LOCK" />
24-->src\main\AndroidManifest.xml:17:5-68
24-->src\main\AndroidManifest.xml:17:22-65
25    <uses-permission android:name="android.permission.WRITE_EXTERNAL_STORAGE" />
25-->src\main\AndroidManifest.xml:18:5-80
25-->src\main\AndroidManifest.xml:18:22-78
26    <uses-permission android:name="android.permission.ACCESS_WIFI_STATE" />
26-->src\main\AndroidManifest.xml:19:5-76
26-->src\main\AndroidManifest.xml:19:22-73
27    <uses-permission android:name="android.permission.SYSTEM_ALERT_WINDOW" />
27-->[:react-native-agora] AndroidManifest.xml:12:5-78
27-->[:react-native-agora] AndroidManifest.xml:12:22-75
28    <uses-permission android:name="android.permission.BLUETOOTH" />
28-->[:react-native-agora] AndroidManifest.xml:18:5-68
28-->[:react-native-agora] AndroidManifest.xml:18:22-65
29
30    <application
30-->src\main\AndroidManifest.xml:21:5-41:19
31        android:name="com.yothealth.MainApplication"
31-->src\main\AndroidManifest.xml:22:7-38
32        android:allowBackup="false"
32-->src\main\AndroidManifest.xml:26:7-34
33        android:appComponentFactory="androidx.core.app.CoreComponentFactory"
33-->[androidx.core:core:1.1.0] AndroidManifest.xml:24:18-86
34        android:icon="@mipmap/ic_launcher"
34-->src\main\AndroidManifest.xml:24:7-41
35        android:label="@string/app_name"
35-->src\main\AndroidManifest.xml:23:7-39
36        android:roundIcon="@mipmap/ic_launcher_round"
36-->src\main\AndroidManifest.xml:25:7-52
37        android:supportsRtl="true"
37-->[:react-native-agora] AndroidManifest.xml:22:9-35
38        android:theme="@style/AppTheme"
38-->src\main\AndroidManifest.xml:28:7-38
39        android:usesCleartextTraffic="true" >
39-->src\main\AndroidManifest.xml:27:7-42
40        <activity
40-->src\main\AndroidManifest.xml:29:7-39:18
41            android:name="com.yothealth.MainActivity"
41-->src\main\AndroidManifest.xml:30:9-37
42            android:configChanges="keyboard|keyboardHidden|orientation|screenSize|uiMode"
42-->src\main\AndroidManifest.xml:32:9-86
43            android:label="@string/app_name"
43-->src\main\AndroidManifest.xml:31:9-41
44            android:launchMode="singleTask"
44-->src\main\AndroidManifest.xml:33:9-40
45            android:windowSoftInputMode="adjustResize" >
45-->src\main\AndroidManifest.xml:34:9-51
46            <intent-filter>
46-->src\main\AndroidManifest.xml:35:9-38:25
47                <action android:name="android.intent.action.MAIN" />
47-->src\main\AndroidManifest.xml:36:13-65
47-->src\main\AndroidManifest.xml:36:21-62
48
49                <category android:name="android.intent.category.LAUNCHER" />
49-->src\main\AndroidManifest.xml:37:13-73
49-->src\main\AndroidManifest.xml:37:23-70
50            </intent-filter>
51        </activity>
52        <activity android:name="com.facebook.react.devsupport.DevSettingsActivity" />
52-->src\main\AndroidManifest.xml:40:7-84
52-->src\main\AndroidManifest.xml:40:17-81
53
54        <provider
54-->[:react-native-image-picker] AndroidManifest.xml:10:9-18:20
55            android:name="com.imagepicker.FileProvider"
55-->[:react-native-image-picker] AndroidManifest.xml:11:13-56
56            android:authorities="com.yothealth.provider"
56-->[:react-native-image-picker] AndroidManifest.xml:12:13-60
57            android:exported="false"
57-->[:react-native-image-picker] AndroidManifest.xml:13:13-37
58            android:grantUriPermissions="true" >
58-->[:react-native-image-picker] AndroidManifest.xml:14:13-47
59            <meta-data
59-->[:react-native-image-picker] AndroidManifest.xml:15:13-17:58
60                android:name="android.support.FILE_PROVIDER_PATHS"
60-->[:react-native-image-picker] AndroidManifest.xml:16:17-67
61                android:resource="@xml/provider_paths" />
61-->[:react-native-image-picker] AndroidManifest.xml:17:17-55
62        </provider>
63    </application>
64
65</manifest>